2019-04-02 00:53:34,654 [Worker-4: Loading available Gradle versions] INFO  o.e.b.c.i.u.g.PublishedGradleVersions - Gradle version information cache is not available. Remote download required.
2019-04-03 19:46:19,158 [Worker-5: Loading available Gradle versions] INFO  o.e.b.c.i.u.g.PublishedGradleVersions - Gradle version information cache is up-to-date. Trying to read.
2019-04-03 19:48:44,896 [Worker-1: Loading available Gradle versions] INFO  o.e.b.c.i.u.g.PublishedGradleVersions - Gradle version information cache is up-to-date. Trying to read.
2019-04-03 19:50:11,445 [Worker-1: Importing Maven projects] INFO  o.e.m.c.i.l.LifecycleMappingFactory - Using org.eclipse.m2e.jdt.JarLifecycleMapping lifecycle mapping for MavenProject: com.hbt.semillero.servicios:semillero-servicios:1.0-SNAPSHOT @ C:\copiaAmbiente\ambiente\semillero-hbt\semillero-padre\semillero-servicios\pom.xml.
2019-04-03 19:50:11,976 [Worker-1: Importing Maven projects] INFO  o.e.m.c.i.l.LifecycleMappingFactory - Using org.eclipse.m2e.jdt.JarLifecycleMapping lifecycle mapping for MavenProject: com.hbt.semillero.web:semillero-web:1.0-SNAPSHOT @ C:\copiaAmbiente\ambiente\semillero-hbt\semillero-padre\semillero-web\pom.xml.
2019-04-03 19:50:12,154 [Worker-1: Importing Maven projects] INFO  o.e.m.c.i.l.LifecycleMappingFactory - Using DEFAULT lifecycle mapping for MavenProject: com.hbt.semillero:semillero-ear:1.0-SNAPSHOT @ C:\copiaAmbiente\ambiente\semillero-hbt\semillero-padre\semillero-ear\pom.xml.
2019-04-03 19:50:12,217 [Worker-1: Importing Maven projects] INFO  o.e.m.c.i.p.WorkspaceClassifierResolverManager - Resolving P/semillero-web: com.hbt.semillero.web:semillero-web:1.0-SNAPSHOT with classifier  to /semillero-web/target/classes
2019-04-03 19:50:12,217 [Worker-1: Importing Maven projects] INFO  o.e.m.c.i.p.WorkspaceClassifierResolverManager - Resolving P/semillero-servicios: com.hbt.semillero.servicios:semillero-servicios:1.0-SNAPSHOT with classifier  to /semillero-servicios/target/classes
2019-04-03 19:50:15,810 [Worker-1: Importing Maven projects] INFO  o.e.m.j.i.AbstractJavaProjectConfigurator - Adding source folder /semillero-servicios/src/main/java
2019-04-03 19:50:15,811 [Worker-1: Importing Maven projects] INFO  o.e.m.j.i.AbstractJavaProjectConfigurator - Adding resource folder /semillero-servicios/src/main/resources
2019-04-03 19:50:15,814 [Worker-1: Importing Maven projects] INFO  o.e.m.j.i.AbstractJavaProjectConfigurator - Adding source folder /semillero-servicios/src/test/java
2019-04-03 19:50:17,170 [Worker-1: Importing Maven projects] INFO  o.e.m.j.i.AbstractJavaProjectConfigurator - Adding source folder /semillero-web/src/main/java
2019-04-03 19:50:17,170 [Worker-1: Importing Maven projects] INFO  o.e.m.j.i.AbstractJavaProjectConfigurator - Adding source folder /semillero-web/src/test/java
2019-04-03 19:50:17,308 [Worker-1: Importing Maven projects] INFO  o.e.m.c.i.p.ProjectConfigurationManager - Imported and configured 3 project(s) in 26 sec
2019-04-03 19:50:21,752 [Worker-6: Discover lifecycle mappings] INFO  o.e.m.i.discovery.MavenDiscovery - No lifecyle mapping found at jar:file:/C:/Users/lscar/AppData/Local/Temp/RemoteBundleDiscoveryStrategy3577549488210140719.tmp/org.eclipse.m2e.discovery.oss_catalog_1.6.jar_2110487218438233616.jar!/lifecycle%2Forg.eclipse.m2e.discovery.lifecyclemapping.m2e-egit.xml
2019-04-03 19:50:21,761 [Worker-6: Discover lifecycle mappings] WARN  o.e.m.i.discovery.MavenDiscovery - CatalogItem org.eclipse.m2e.discovery.lifecyclemapping.m2e-egit does not contain lifecycle mapping metadata
2019-04-03 19:50:21,798 [Worker-6: Discover lifecycle mappings] INFO  o.e.m.i.discovery.MavenDiscovery - No lifecyle mapping found at jar:file:/C:/Users/lscar/AppData/Local/Temp/RemoteBundleDiscoveryStrategy3577549488210140719.tmp/org.eclipse.m2e.discovery.oss_catalog_1.6.jar_2110487218438233616.jar!/lifecycle%2Forg.eclipse.m2e.discovery.lifecyclemapping.m2e-subversive.xml
2019-04-03 19:50:21,798 [Worker-6: Discover lifecycle mappings] WARN  o.e.m.i.discovery.MavenDiscovery - CatalogItem org.eclipse.m2e.discovery.lifecyclemapping.m2e-subversive does not contain lifecycle mapping metadata
2019-04-03 19:50:26,258 [Worker-8: Building workspace] INFO  o.e.m.c.i.p.WorkspaceClassifierResolverManager - Resolving P/semillero-web: com.hbt.semillero.web:semillero-web:1.0-SNAPSHOT with classifier  to /semillero-web/target/classes
2019-04-03 19:50:26,259 [Worker-8: Building workspace] INFO  o.e.m.c.i.p.WorkspaceClassifierResolverManager - Resolving P/semillero-servicios: com.hbt.semillero.servicios:semillero-servicios:1.0-SNAPSHOT with classifier  to /semillero-servicios/target/classes
2019-04-03 19:50:26,384 [Worker-8: Building workspace] INFO  o.e.m.c.i.embedder.EclipseLogger - Using 'UTF-8' encoding to copy filtered resources.
2019-04-03 19:50:26,385 [Worker-8: Building workspace] INFO  o.e.m.c.i.embedder.EclipseLogger - skip non existing resourceDirectory C:\copiaAmbiente\ambiente\semillero-hbt\semillero-padre\semillero-ear\src\main\resources
2019-04-03 19:50:28,688 [Worker-8: Building workspace] INFO  o.e.m.c.i.embedder.EclipseLogger - Using 'UTF-8' encoding to copy filtered resources.
2019-04-03 19:50:28,718 [Worker-8: Building workspace] INFO  o.e.m.c.i.embedder.EclipseLogger - Copying 1 resource
2019-04-03 19:50:28,769 [Worker-8: Building workspace] INFO  o.e.m.c.i.embedder.EclipseLogger - Not copying test resources
2019-04-03 19:50:28,827 [Worker-8: Building workspace] INFO  o.e.m.c.i.embedder.EclipseLogger - Using 'UTF-8' encoding to copy filtered resources.
2019-04-03 19:50:28,827 [Worker-8: Building workspace] INFO  o.e.m.c.i.embedder.EclipseLogger - skip non existing resourceDirectory C:\copiaAmbiente\ambiente\semillero-hbt\semillero-padre\semillero-web\src\main\resources
2019-04-03 19:50:28,830 [Worker-8: Building workspace] INFO  o.e.m.c.i.embedder.EclipseLogger - Not copying test resources
2019-04-03 19:50:28,838 [Worker-8: Building workspace] INFO  o.e.m.c.i.embedder.EclipseLogger - Using 'UTF-8' encoding to copy filtered resources.
2019-04-03 19:50:28,838 [Worker-8: Building workspace] INFO  o.e.m.c.i.embedder.EclipseLogger - skip non existing resourceDirectory C:\copiaAmbiente\ambiente\semillero-hbt\semillero-padre\semillero-web\src\main\angular\dist
2019-04-04 18:30:49,006 [Worker-5: Loading available Gradle versions] INFO  o.e.b.c.i.u.g.PublishedGradleVersions - Gradle version information cache is up-to-date. Trying to read.
